=== Step 2: Training GP emulator (logarithmic, LOW noise) -> data/gp_logarithmic_lownoise_64737775.joblib ===
[logarithmic] Pre-compiling FEniCS forms to avoid race conditions...
[logarithmic] Building training set with 16 parallel processes...
  [logarithmic] Progress: 500/3520
  [logarithmic] Progress: 450/3520
  [logarithmic] Progress: 400/3520
  [logarithmic] Progress: 350/3520
  [logarithmic] Progress: 300/3520
  [logarithmic] Progress: 850/3520
  [logarithmic] Progress: 800/3520
  [logarithmic] Progress: 250/3520
  [logarithmic] Progress: 750/3520
  [logarithmic] Progress: 200/3520
  [logarithmic] Progress: 700/3520
  [logarithmic] Progress: 150/3520
  [logarithmic] Progress: 650/3520
  [logarithmic] Progress: 100/3520
  [logarithmic] Progress: 50/3520
  [logarithmic] Progress: 600/3520
  [logarithmic] Progress: 550/3520
  [logarithmic] Progress: 1050/3520
  [logarithmic] Progress: 1600/3520
  [logarithmic] Progress: 1000/3520
  [logarithmic] Progress: 1550/3520
  [logarithmic] Progress: 950/3520
  [logarithmic] Progress: 1500/3520
  [logarithmic] Progress: 900/3520
  [logarithmic] Progress: 1450/3520
  [logarithmic] Progress: 1400/3520
  [logarithmic] Progress: 1350/3520
  [logarithmic] Progress: 1300/3520
  [logarithmic] Progress: 1250/3520
  [logarithmic] Progress: 1200/3520
  [logarithmic] Progress: 1750/3520
  [logarithmic] Progress: 1150/3520
  [logarithmic] Progress: 1700/3520
  [logarithmic] Progress: 1650/3520
  [logarithmic] Progress: 1100/3520
  [logarithmic] Progress: 2150/3520
  [logarithmic] Progress: 2100/3520
  [logarithmic] Progress: 2050/3520
  [logarithmic] Progress: 2600/3520
  [logarithmic] Progress: 2000/3520
  [logarithmic] Progress: 2550/3520
  [logarithmic] Progress: 1950/3520
  [logarithmic] Progress: 2500/3520
  [logarithmic] Progress: 1900/3520
  [logarithmic] Progress: 2450/3520
  [logarithmic] Progress: 1850/3520
  [logarithmic] Progress: 2400/3520
  [logarithmic] Progress: 1800/3520
  [logarithmic] Progress: 2350/3520
  [logarithmic] Progress: 2300/3520
  [logarithmic] Progress: 2250/3520
  [logarithmic] Progress: 2200/3520
  [logarithmic] Progress: 2700/3520
  [logarithmic] Progress: 3250/3520
  [logarithmic] Progress: 2650/3520
  [logarithmic] Progress: 3200/3520
  [logarithmic] Progress: 3150/3520
  [logarithmic] Progress: 3100/3520
  [logarithmic] Progress: 3050/3520
  [logarithmic] Progress: 3000/3520
  [logarithmic] Progress: 2950/3520
  [logarithmic] Progress: 3500/3520
  [logarithmic] Progress: 2900/3520
  [logarithmic] Progress: 3450/3520
  [logarithmic] Progress: 2850/3520
  [logarithmic] Progress: 3400/3520
  [logarithmic] Progress: 2800/3520
  [logarithmic] Progress: 3350/3520
  [logarithmic] Progress: 2750/3520
  [logarithmic] Progress: 3300/3520
Saved GP emulator: data/gp_logarithmic_lownoise_64737775.joblib
Kernel: 0.996**2 * RBF(length_scale=[0.0136, 0.01, 0.0203, 0.0168]) + WhiteKernel(noise_level=0.00741)
=== Step 3: Bayesian calibration (emcee) -> data/posterior_logarithmic_lownoise_64737775.npy ===
