[INFO] Module GCC/14.3.0 loaded.
[0]PETSC ERROR: ------------------------------------------------------------------------
[0]PETSC ERROR: Caught signal number 15 Terminate: Some process (or the batch system) has told this process to end
[0]PETSC ERROR: Try option -start_in_debugger or -on_error_attach_debugger
[0]PETSC ERROR: or see https://petsc.org/release/faq/#valgrind and https://petsc.org/release/faq/
[0]PETSC ERROR: configure using --with-debugging=yes, recompile, link, and run 
[0]PETSC ERROR: to get more information on the crash.
Abort(59) on node 0 (rank 0 in comm 0): application called MPI_Abort(MPI_COMM_WORLD, 59) - process 0
/home/kq336027/.local/lib/python3.11/site-packages/sklearn/gaussian_process/kernels.py:450: ConvergenceWarning: The optimal value found for dimension 3 of parameter k1__k2__length_scale is close to the specified upper bound 100.0. Increasing the bound and calling fit again may find a better value.
  warnings.warn(
/home/kq336027/.local/lib/python3.11/site-packages/sklearn/gaussian_process/kernels.py:450: ConvergenceWarning: The optimal value found for dimension 3 of parameter k1__k2__length_scale is close to the specified upper bound 100.0. Increasing the bound and calling fit again may find a better value.
  warnings.warn(
/home/kq336027/.local/lib/python3.11/site-packages/sklearn/gaussian_process/kernels.py:450: ConvergenceWarning: The optimal value found for dimension 3 of parameter k1__k2__length_scale is close to the specified upper bound 100.0. Increasing the bound and calling fit again may find a better value.
  warnings.warn(
/home/kq336027/.local/lib/python3.11/site-packages/sklearn/gaussian_process/kernels.py:450: ConvergenceWarning: The optimal value found for dimension 3 of parameter k1__k2__length_scale is close to the specified upper bound 100.0. Increasing the bound and calling fit again may find a better value.
  warnings.warn(
/home/kq336027/.local/lib/python3.11/site-packages/sklearn/gaussian_process/_gpr.py:670: ConvergenceWarning: lbfgs failed to converge after 25 iteration(s) (status=2):
ABNORMAL: 

You might also want to scale the data as shown in:
    https://scikit-learn.org/stable/modules/preprocessing.html
  _check_optimize_result("lbfgs", opt_res)
/home/kq336027/.local/lib/python3.11/site-packages/sklearn/gaussian_process/kernels.py:450: ConvergenceWarning: The optimal value found for dimension 3 of parameter k1__k2__length_scale is close to the specified upper bound 100.0. Increasing the bound and calling fit again may find a better value.
  warnings.warn(
/home/kq336027/.local/lib/python3.11/site-packages/sklearn/gaussian_process/kernels.py:450: ConvergenceWarning: The optimal value found for dimension 0 of parameter k1__k1__constant_value is close to the specified upper bound 100.0. Increasing the bound and calling fit again may find a better value.
  warnings.warn(
/home/kq336027/.local/lib/python3.11/site-packages/sklearn/gaussian_process/kernels.py:450: ConvergenceWarning: The optimal value found for dimension 3 of parameter k1__k2__length_scale is close to the specified upper bound 100.0. Increasing the bound and calling fit again may find a better value.
  warnings.warn(
/home/kq336027/.local/lib/python3.11/site-packages/sklearn/gaussian_process/kernels.py:450: ConvergenceWarning: The optimal value found for dimension 3 of parameter k1__k2__length_scale is close to the specified upper bound 100.0. Increasing the bound and calling fit again may find a better value.
  warnings.warn(
/home/kq336027/.local/lib/python3.11/site-packages/sklearn/gaussian_process/kernels.py:450: ConvergenceWarning: The optimal value found for dimension 0 of parameter k1__k1__constant_value is close to the specified upper bound 100.0. Increasing the bound and calling fit again may find a better value.
  warnings.warn(
/home/kq336027/.local/lib/python3.11/site-packages/sklearn/gaussian_process/kernels.py:450: ConvergenceWarning: The optimal value found for dimension 3 of parameter k1__k2__length_scale is close to the specified upper bound 100.0. Increasing the bound and calling fit again may find a better value.
  warnings.warn(
/home/kq336027/.local/lib/python3.11/site-packages/sklearn/gaussian_process/kernels.py:450: ConvergenceWarning: The optimal value found for dimension 0 of parameter k1__k1__constant_value is close to the specified upper bound 100.0. Increasing the bound and calling fit again may find a better value.
  warnings.warn(
/home/kq336027/.local/lib/python3.11/site-packages/sklearn/gaussian_process/kernels.py:450: ConvergenceWarning: The optimal value found for dimension 3 of parameter k1__k2__length_scale is close to the specified upper bound 100.0. Increasing the bound and calling fit again may find a better value.
  warnings.warn(
/home/kq336027/.local/lib/python3.11/site-packages/sklearn/gaussian_process/_gpr.py:670: ConvergenceWarning: lbfgs failed to converge after 28 iteration(s) (status=2):
ABNORMAL: 

You might also want to scale the data as shown in:
    https://scikit-learn.org/stable/modules/preprocessing.html
  _check_optimize_result("lbfgs", opt_res)
/home/kq336027/.local/lib/python3.11/site-packages/sklearn/gaussian_process/kernels.py:450: ConvergenceWarning: The optimal value found for dimension 0 of parameter k1__k1__constant_value is close to the specified upper bound 100.0. Increasing the bound and calling fit again may find a better value.
  warnings.warn(
/home/kq336027/.local/lib/python3.11/site-packages/sklearn/gaussian_process/kernels.py:450: ConvergenceWarning: The optimal value found for dimension 3 of parameter k1__k2__length_scale is close to the specified upper bound 100.0. Increasing the bound and calling fit again may find a better value.
  warnings.warn(
