=== Training GP: model=exponential, kernel=matern_2p5 -> data/gp_exponential_matern25.joblib ===
[exponential] Pre-compiling FEniCS forms to avoid race conditions...
[exponential] Building training set with 16 parallel processes...
  [exponential] Progress: 500/3520
  [exponential] Progress: 450/3520
  [exponential] Progress: 400/3520
  [exponential] Progress: 350/3520
  [exponential] Progress: 850/3520
  [exponential] Progress: 300/3520
  [exponential] Progress: 800/3520
  [exponential] Progress: 250/3520
  [exponential] Progress: 750/3520
  [exponential] Progress: 200/3520
  [exponential] Progress: 700/3520
  [exponential] Progress: 150/3520
  [exponential] Progress: 100/3520
  [exponential] Progress: 650/3520
  [exponential] Progress: 50/3520
  [exponential] Progress: 600/3520
  [exponential] Progress: 550/3520
  [exponential] Progress: 1050/3520
  [exponential] Progress: 1600/3520
  [exponential] Progress: 1000/3520
  [exponential] Progress: 1550/3520
  [exponential] Progress: 950/3520
  [exponential] Progress: 1500/3520
  [exponential] Progress: 900/3520
  [exponential] Progress: 1450/3520
  [exponential] Progress: 1400/3520
  [exponential] Progress: 1350/3520
  [exponential] Progress: 1300/3520
  [exponential] Progress: 1250/3520
  [exponential] Progress: 1200/3520
  [exponential] Progress: 1750/3520
  [exponential] Progress: 1150/3520
  [exponential] Progress: 1700/3520
  [exponential] Progress: 1100/3520
  [exponential] Progress: 1650/3520
  [exponential] Progress: 2150/3520
  [exponential] Progress: 2100/3520
  [exponential] Progress: 2050/3520
  [exponential] Progress: 2600/3520
  [exponential] Progress: 2000/3520
  [exponential] Progress: 2550/3520
  [exponential] Progress: 1950/3520
  [exponential] Progress: 2500/3520
  [exponential] Progress: 1900/3520
  [exponential] Progress: 2450/3520
  [exponential] Progress: 1850/3520
  [exponential] Progress: 2400/3520
  [exponential] Progress: 1800/3520
  [exponential] Progress: 2350/3520
  [exponential] Progress: 2300/3520
  [exponential] Progress: 2250/3520
  [exponential] Progress: 2200/3520
  [exponential] Progress: 2700/3520
  [exponential] Progress: 3250/3520
  [exponential] Progress: 2650/3520
  [exponential] Progress: 3200/3520
  [exponential] Progress: 3150/3520
  [exponential] Progress: 3100/3520
  [exponential] Progress: 3050/3520
  [exponential] Progress: 3000/3520
  [exponential] Progress: 2950/3520
  [exponential] Progress: 2900/3520
  [exponential] Progress: 3500/3520
  [exponential] Progress: 3450/3520
  [exponential] Progress: 2850/3520
  [exponential] Progress: 3400/3520
  [exponential] Progress: 2800/3520
  [exponential] Progress: 3350/3520
  [exponential] Progress: 2750/3520
  [exponential] Progress: 3300/3520
Saved GP emulator: data/gp_exponential_matern25.joblib
Kernel: 3.24**2 * Matern(length_scale=[4.54, 6.47, 13.9, 100], nu=2.5) + WhiteKernel(noise_level=1e-08)
DONE: data/gp_exponential_matern25.joblib
