HOME_REAL:      /rwthfs/rz/cluster/home/kq336027
MAMBA_ROOT:     /rwthfs/rz/cluster/home/kq336027/.micromamba
Job started on: n23m0201.hpc.itc.rwth-aachen.de
Project dir:    /rwthfs/rz/cluster/home/kq336027/cf4dt
CPUs per task:  16
MAMBA_ROOT:     /rwthfs/rz/cluster/home/kq336027/.micromamba

=== Sanity check: Python + MPI vendor ===
Python OK
MPI vendor: ('MPICH', (4, 3, 2))
MPI library: MPICH Version:      4.3.2
COMM_WORLD size: 1

=== Step 1: Generating artificial data -> data/artificial_Qlc_data.csv ===
Note: Edit velocity/temperature lists and n_jobs in scripts/generate_artificial_data.py
Running 88 simulations serially...
  Progress: 10/88
  Progress: 20/88
  Progress: 30/88
  Progress: 40/88
  Progress: 50/88
  Progress: 60/88
  Progress: 70/88
  Progress: 80/88

Saved dataset with 88 points to: data/artificial_Qlc_data.csv
Qlc_true_kW: min/median/max = 1.4223093633528845 9.287647701146632 20.798917773919225

============================================================
MODEL: powerlaw
============================================================
=== Step 2: Training GP emulator -> data/gp_powerlaw.joblib ===
[powerlaw] Pre-compiling FEniCS forms to avoid race conditions...
[powerlaw] Building training set with 16 parallel processes...
  [powerlaw] Progress: 50/640
  [powerlaw] Progress: 150/640
  [powerlaw] Progress: 100/640
  [powerlaw] Progress: 200/640
  [powerlaw] Progress: 300/640
  [powerlaw] Progress: 250/640
  [powerlaw] Progress: 350/640
  [powerlaw] Progress: 400/640
  [powerlaw] Progress: 450/640
  [powerlaw] Progress: 550/640
  [powerlaw] Progress: 500/640
  [powerlaw] Progress: 600/640
Saved GP emulator: data/gp_powerlaw.joblib
Kernel: 10**2 * RBF(length_scale=[1.75, 4.09, 11.5, 29.9]) + WhiteKernel(noise_level=1e-08)

=== Step 3: Bayesian calibration (emcee) -> data/posterior_powerlaw.npy ===
Saved posterior samples to data/posterior_powerlaw.npy
powerlaw posterior mean: [-14.10994      1.09470662] std: [0.54298942 0.32195703]

=== Step 4: UQ plots -> outputs/uq_powerlaw* ===
