[INFO] Module GCC/14.3.0 loaded.
/home/kq336027/.local/lib/python3.11/site-packages/sklearn/gaussian_process/_gpr.py:670: ConvergenceWarning: lbfgs failed to converge after 25 iteration(s) (status=2):
ABNORMAL: 

You might also want to scale the data as shown in:
    https://scikit-learn.org/stable/modules/preprocessing.html
  _check_optimize_result("lbfgs", opt_res)
/home/kq336027/.local/lib/python3.11/site-packages/sklearn/gaussian_process/_gpr.py:670: ConvergenceWarning: lbfgs failed to converge after 28 iteration(s) (status=2):
ABNORMAL: 

You might also want to scale the data as shown in:
    https://scikit-learn.org/stable/modules/preprocessing.html
  _check_optimize_result("lbfgs", opt_res)
/home/kq336027/.local/lib/python3.11/site-packages/sklearn/gaussian_process/_gpr.py:670: ConvergenceWarning: lbfgs failed to converge after 16 iteration(s) (status=2):
ABNORMAL: 

You might also want to scale the data as shown in:
    https://scikit-learn.org/stable/modules/preprocessing.html
  _check_optimize_result("lbfgs", opt_res)
/home/kq336027/.local/lib/python3.11/site-packages/sklearn/gaussian_process/kernels.py:450: ConvergenceWarning: The optimal value found for dimension 0 of parameter k1__k1__constant_value is close to the specified upper bound 100.0. Increasing the bound and calling fit again may find a better value.
  warnings.warn(
/home/kq336027/.local/lib/python3.11/site-packages/sklearn/gaussian_process/kernels.py:440: ConvergenceWarning: The optimal value found for dimension 0 of parameter k2__noise_level is close to the specified lower bound 1e-08. Decreasing the bound and calling fit again may find a better value.
  warnings.warn(
